e:\Usuarios\Pablo\mis documentos\visual studio 2010\Projects\DllProject\DllProject\Release\cl.command.1.tlog
e:\Usuarios\Pablo\mis documentos\visual studio 2010\Projects\DllProject\DllProject\Release\CL.read.1.tlog
e:\Usuarios\Pablo\mis documentos\visual studio 2010\Projects\DllProject\DllProject\Release\CL.write.1.tlog
E:\USUARIOS\PABLO\MIS DOCUMENTOS\VISUAL STUDIO 2010\PROJECTS\DLLPROJECT\DLLPROJECT\RELEASE\DLLMAIN.OBJ
E:\USUARIOS\PABLO\MIS DOCUMENTOS\VISUAL STUDIO 2010\PROJECTS\DLLPROJECT\DLLPROJECT\RELEASE\DLLPROJECT.DLL.INTERMEDIATE.MANIFEST
E:\USUARIOS\PABLO\MIS DOCUMENTOS\VISUAL STUDIO 2010\PROJECTS\DLLPROJECT\DLLPROJECT\RELEASE\DLLPROJECT.OBJ
E:\USUARIOS\PABLO\MIS DOCUMENTOS\VISUAL STUDIO 2010\PROJECTS\DLLPROJECT\DLLPROJECT\RELEASE\DLLPROJECT.PCH
e:\Usuarios\Pablo\mis documentos\visual studio 2010\Projects\DllProject\DllProject\Release\DllProject.write.1.tlog
e:\Usuarios\Pablo\mis documentos\visual studio 2010\Projects\DllProject\DllProject\Release\link.command.1.tlog
e:\Usuarios\Pablo\mis documentos\visual studio 2010\Projects\DllProject\DllProject\Release\link.read.1.tlog
e:\Usuarios\Pablo\mis documentos\visual studio 2010\Projects\DllProject\DllProject\Release\link.write.1.tlog
e:\Usuarios\Pablo\mis documentos\visual studio 2010\Projects\DllProject\DllProject\Release\mt.command.1.tlog
e:\Usuarios\Pablo\mis documentos\visual studio 2010\Projects\DllProject\DllProject\Release\mt.read.1.tlog
e:\Usuarios\Pablo\mis documentos\visual studio 2010\Projects\DllProject\DllProject\Release\mt.write.1.tlog
E:\USUARIOS\PABLO\MIS DOCUMENTOS\VISUAL STUDIO 2010\PROJECTS\DLLPROJECT\DLLPROJECT\RELEASE\STDAFX.OBJ
E:\USUARIOS\PABLO\MIS DOCUMENTOS\VISUAL STUDIO 2010\PROJECTS\DLLPROJECT\DLLPROJECT\RELEASE\VC100.PDB
E:\USUARIOS\PABLO\MIS DOCUMENTOS\VISUAL STUDIO 2010\PROJECTS\DLLPROJECT\RELEASE\DLLPROJECT.DLL
e:\usuarios\pablo\mis documentos\visual studio 2010\Projects\DllProject\Release\DllProject.exp
e:\usuarios\pablo\mis documentos\visual studio 2010\Projects\DllProject\Release\DllProject.lib
E:\USUARIOS\PABLO\MIS DOCUMENTOS\VISUAL STUDIO 2010\PROJECTS\DLLPROJECT\RELEASE\DLLPROJECT.PDB
